<html>
<body>
<pre>
<h1>µVision Build Log</h1>
<h2>Tool Versions:</h2>
IDE-Version: ¦ÌVision V5.17.0.0
Copyright (C) 2015 ARM Ltd and ARM Germany GmbH. All rights reserved.
License Information: e Microsoft, Microsoft, LIC=IC9MM-XUN25-GM999-4VRBL-EUBX7-Y74RC
 
Tool Versions:
Toolchain:       MDK-ARM Professional  Version: 5.17
Toolchain Path:  C:\Keil_v5\ARM\ARMCC\Bin
C Compiler:      Armcc.exe V5.06 update 1 (build 61)
Assembler:       Armasm.exe V5.06 update 1 (build 61)
Linker/Locator:  ArmLink.exe V5.06 update 1 (build 61)
Library Manager: ArmAr.exe V5.06 update 1 (build 61)
Hex Converter:   FromElf.exe V5.06 update 1 (build 61)
CPU DLL:         SARMCM3.DLL V5.17
Dialog DLL:      DCM.DLL V1.13.4.0
Target DLL:      UL2CM3.DLL V1.156.1.0
Dialog DLL:      TCM.DLL V1.14.6.0
 
<h2>Project:</h2>
E:\CodesCircuits\AEBS\SensorFusion\MDK-ARM\SensorFusion.uvprojx
Project File Date:  04/16/2018

<h2>Output:</h2>
*** Using Compiler 'V5.06 update 1 (build 61)', folder: 'C:\Keil_v5\ARM\ARMCC\Bin'
Build target 'SensorFusion'
compiling ARS408.c...
..\Drivers\UserDriver\ARS408\ARS408.c(85): warning:  #231-D: declaration is not visible outside of function
  uint8_t FindMIObj(struct Task *taskMsg)
..\Drivers\UserDriver\ARS408\ARS408.c(91): error:  #20: identifier "MAX_RANGE" is undefined
      float MaxRange = MAX_RANGE;
..\Drivers\UserDriver\ARS408\ARS408.c(93): warning:  #1035-D: single-precision operand implicitly converted to double-precision
      float maxDeceleration = 0.4 * gAccel;		//???è³?Á¾?î´ó¼??Ù¶???0.4g
..\Drivers\UserDriver\ARS408\ARS408.c(100): error:  #393: pointer to incomplete class type is not allowed
      for(i = 0; i < taskMsg->TaskMsgNum.Index[isRead] ; i++) //    for(i = 0; i < taskMsg->TaskMsgNum.Index[isRead] + 1; i++)
..\Drivers\UserDriver\ARS408\ARS408.c(100): error:  #20: identifier "isRead" is undefined
      for(i = 0; i < taskMsg->TaskMsgNum.Index[isRead] ; i++) //    for(i = 0; i < taskMsg->TaskMsgNum.Index[isRead] + 1; i++)
..\Drivers\UserDriver\ARS408\ARS408.c(102): error:  #393: pointer to incomplete class type is not allowed
          if(taskMsg->RxMessage[isRead][i].StdId == 0x60B)
..\Drivers\UserDriver\ARS408\ARS408.c(104): error:  #165: too few arguments in function call
          	ARS_GetRadarObjGeneral()
..\Drivers\UserDriver\ARS408\ARS408.c(105): error:  #65: expected a ";"
              ARS_ObjList = ARS_Obj_Handle(&ARSCANmsg.RxMessage[isRead][i]);
..\Drivers\UserDriver\ARS408\ARS408.c(107): error:  #20: identifier "ARS_ObjList" is undefined
              if( ARS_ObjList.Obj_LongDispl != 0 &&((ABS((ARS_ObjList.Obj_LatDispl) * 2.0)) < LANEWIDTH ) &&//?Ç·??Ú³µµ???
..\Drivers\UserDriver\ARS408\ARS408.c(107): warning:  #223-D: function "ABS" declared implicitly
              if( ARS_ObjList.Obj_LongDispl != 0 &&((ABS((ARS_ObjList.Obj_LatDispl) * 2.0)) < LANEWIDTH ) &&//?Ç·??Ú³µµ???
..\Drivers\UserDriver\ARS408\ARS408.c(107): error:  #20: identifier "LANEWIDTH" is undefined
              if( ARS_ObjList.Obj_LongDispl != 0 &&((ABS((ARS_ObjList.Obj_LatDispl) * 2.0)) < LANEWIDTH ) &&//?Ç·??Ú³µµ???
..\Drivers\UserDriver\ARS408\ARS408.c(110): error:  #154: expression must have struct or union type
                  MinRange = RadarGeneral.Obj_LongDispl;						//MaxRange¸³Öµ??????Ð¡????
..\Drivers\UserDriver\ARS408\ARS408.c(112): error:  #154: expression must have struct or union type
                  relSpeed = RadarGeneral.Obj_VrelLong;
..\Drivers\UserDriver\ARS408\ARS408.c(117): error:  #20: identifier "Segment_Num" is undefined
      Segment_Num = MinRange;
..\Drivers\UserDriver\ARS408\ARS408.c(144): warning:  #940-D: missing return statement at end of non-void function "FindMIObj"
  }
..\Drivers\UserDriver\ARS408\ARS408.c(87): warning:  #550-D: variable "FCW" was set but never used
  	uint8_t FCW = 0;
..\Drivers\UserDriver\ARS408\ARS408.c(88): warning:  #177-D: variable "Find0x60B" was declared but never referenced
  	uint8_t Find0x60B = 0;
..\Drivers\UserDriver\ARS408\ARS408.c: 6 warnings, 11 errors
compiling main.c...
../Src/main.c(618): warning:  #223-D: function "ARS_GetRadarObjStatus" declared implicitly
          ARS_GetRadarObjStatus()
../Src/main.c(619): error:  #65: expected a ";"
      }
../Src/main.c(632): warning:  #223-D: function "HAL_CAN_Receive_IT" declared implicitly
      HAL_CAN_Receive_IT(&hcan1, CAN_FIFO0);          //????CAN1???×´???Ï¢
../Src/main.c(632): error:  #20: identifier "CAN_FIFO0" is undefined
      HAL_CAN_Receive_IT(&hcan1, CAN_FIFO0);          //????CAN1???×´???Ï¢
../Src/main.c: 2 warnings, 2 errors
"SensorFusion\SensorFusion.axf" - 13 Error(s), 8 Warning(s).

<h2>Software Packages used:</h2>

Package Vendor: ARM
                http://www.keil.com/pack/ARM.CMSIS.5.3.0.pack
                ARM::CMSIS:CORE:5.1.1
                CMSIS (Cortex Microcontroller Software Interface Standard)
   * Component: CORE Version: 5.1.1

<h2>Collection of Component include folders:</h2>
  E:\CodesCircuits\AEBS\SensorFusion\MDK-ARM\RTE
  C:\Keil_v5\ARM\PACK\ARM\CMSIS\5.3.0\CMSIS\Include
  C:\Keil_v5\ARM\PACK\Keil\STM32F4xx_DFP\2.13.0\Drivers\CMSIS\Device\ST\STM32F4xx\Include

<h2>Collection of Component Files used:</h2>

   * Component: ARM::CMSIS:CORE:5.1.1
Target not created.
Build Time Elapsed:  00:00:04
</pre>
</body>
</html>
